# JRE version: OpenJDK Runtime Environment (8.0_202-b03) (build 1.8.0_202-release-1483-b03)
# Java VM: OpenJDK 64-Bit Server VM (25.202-b03 mixed mode windows-amd64 compressed oops)
Heap:
 PSYoungGen      total 308224K, used 100253K [0x00000000e0000000, 0x00000000f8100000, 0x0000000100000000)
  eden space 277504K, 25% used [0x00000000e0000000,0x00000000e43e7db8,0x00000000f0f00000)
  from space 30720K, 99% used [0x00000000f0f00000,0x00000000f2cff928,0x00000000f2d00000)
  to   space 38400K, 0% used [0x00000000f5b80000,0x00000000f5b80000,0x00000000f8100000)
 ParOldGen       total 141312K, used 84906K [0x00000000a0000000, 0x00000000a8a00000, 0x00000000e0000000)
  object space 141312K, 60% used [0x00000000a0000000,0x00000000a52ea828,0x00000000a8a00000)
 Metaspace       used 88688K, capacity 93064K, committed 93312K, reserved 1130496K
  class space    used 11579K, capacity 12387K, committed 12416K, reserved 1048576K
GC Heap History (10 events):
Event: 5259.730 GC heap before
{Heap before GC invocations=24 (full 3):
 PSYoungGen      total 225280K, used 210723K [0x00000000e0000000, 0x00000000efb00000, 0x0000000100000000)
  eden space 193536K, 100% used [0x00000000e0000000,0x00000000ebd00000,0x00000000ebd00000)
  from space 31744K, 54% used [0x00000000edc00000,0x00000000eecc8cc0,0x00000000efb00000)
  to   space 31744K, 0% used [0x00000000ebd00000,0x00000000ebd00000,0x00000000edc00000)
 ParOldGen       total 141312K, used 62484K [0x00000000a0000000, 0x00000000a8a00000, 0x00000000e0000000)
  object space 141312K, 44% used [0x00000000a0000000,0x00000000a3d05000,0x00000000a8a00000)
 Metaspace       used 87827K, capacity 92136K, committed 92288K, reserved 1128448K
  class space    used 11541K, capacity 12343K, committed 12416K, reserved 1048576K
Event: 5259.744 GC heap after
Heap after GC invocations=24 (full 3):
 PSYoungGen      total 225280K, used 21235K [0x00000000e0000000, 0x00000000f2180000, 0x0000000100000000)
  eden space 193536K, 0% used [0x00000000e0000000,0x00000000e0000000,0x00000000ebd00000)
  from space 31744K, 66% used [0x00000000ebd00000,0x00000000ed1bcc88,0x00000000edc00000)
  to   space 32256K, 0% used [0x00000000f0200000,0x00000000f0200000,0x00000000f2180000)
 ParOldGen       total 141312K, used 63501K [0x00000000a0000000, 0x00000000a8a00000, 0x00000000e0000000)
  object space 141312K, 44% used [0x00000000a0000000,0x00000000a3e036f0,0x00000000a8a00000)
 Metaspace       used 87827K, capacity 92136K, committed 92288K, reserved 1128448K
  class space    used 11541K, capacity 12343K, committed 12416K, reserved 1048576K
}
Event: 5260.177 GC heap before
{Heap before GC invocations=25 (full 3):
 PSYoungGen      total 225280K, used 214771K [0x00000000e0000000, 0x00000000f2180000, 0x0000000100000000)
  eden space 193536K, 100% used [0x00000000e0000000,0x00000000ebd00000,0x00000000ebd00000)
  from space 31744K, 66% used [0x00000000ebd00000,0x00000000ed1bcc88,0x00000000edc00000)
  to   space 32256K, 0% used [0x00000000f0200000,0x00000000f0200000,0x00000000f2180000)
 ParOldGen       total 141312K, used 63501K [0x00000000a0000000, 0x00000000a8a00000, 0x00000000e0000000)
  object space 141312K, 44% used [0x00000000a0000000,0x00000000a3e036f0,0x00000000a8a00000)
 Metaspace       used 88117K, capacity 92480K, committed 92544K, reserved 1130496K
  class space    used 11547K, capacity 12377K, committed 12416K, reserved 1048576K
Event: 5260.194 GC heap after
Heap after GC invocations=25 (full 3):
 PSYoungGen      total 263168K, used 17196K [0x00000000e0000000, 0x00000000f1f80000, 0x0000000100000000)
  eden space 232960K, 0% used [0x00000000e0000000,0x00000000e0000000,0x00000000ee380000)
  from space 30208K, 56% used [0x00000000f0200000,0x00000000f12cb2f8,0x00000000f1f80000)
  to   space 30720K, 0% used [0x00000000ee380000,0x00000000ee380000,0x00000000f0180000)
 ParOldGen       total 141312K, used 64976K [0x00000000a0000000, 0x00000000a8a00000, 0x00000000e0000000)
  object space 141312K, 45% used [0x00000000a0000000,0x00000000a3f741a0,0x00000000a8a00000)
 Metaspace       used 88117K, capacity 92480K, committed 92544K, reserved 1130496K
  class space    used 11547K, capacity 12377K, committed 12416K, reserved 1048576K
}
Event: 5260.643 GC heap before
{Heap before GC invocations=26 (full 3):
 PSYoungGen      total 263168K, used 250156K [0x00000000e0000000, 0x00000000f1f80000, 0x0000000100000000)
  eden space 232960K, 100% used [0x00000000e0000000,0x00000000ee380000,0x00000000ee380000)
  from space 30208K, 56% used [0x00000000f0200000,0x00000000f12cb2f8,0x00000000f1f80000)
  to   space 30720K, 0% used [0x00000000ee380000,0x00000000ee380000,0x00000000f0180000)
 ParOldGen       total 141312K, used 64976K [0x00000000a0000000, 0x00000000a8a00000, 0x00000000e0000000)
  object space 141312K, 45% used [0x00000000a0000000,0x00000000a3f741a0,0x00000000a8a00000)
 Metaspace       used 88234K, capacity 92560K, committed 92800K, reserved 1130496K
  class space    used 11559K, capacity 12379K, committed 12416K, reserved 1048576K
Event: 5260.658 GC heap after
Heap after GC invocations=26 (full 3):
 PSYoungGen      total 263680K, used 6418K [0x00000000e0000000, 0x00000000f4e80000, 0x0000000100000000)
  eden space 232960K, 0% used [0x00000000e0000000,0x00000000e0000000,0x00000000ee380000)
  from space 30720K, 20% used [0x00000000ee380000,0x00000000ee9c4968,0x00000000f0180000)
  to   space 31232K, 0% used [0x00000000f3000000,0x00000000f3000000,0x00000000f4e80000)
 ParOldGen       total 141312K, used 74921K [0x00000000a0000000, 0x00000000a8a00000, 0x00000000e0000000)
  object space 141312K, 53% used [0x00000000a0000000,0x00000000a492a700,0x00000000a8a00000)
 Metaspace       used 88234K, capacity 92560K, committed 92800K, reserved 1130496K
  class space    used 11559K, capacity 12379K, committed 12416K, reserved 1048576K
}
Event: 5261.192 GC heap before
{Heap before GC invocations=27 (full 3):
 PSYoungGen      total 263680K, used 239378K [0x00000000e0000000, 0x00000000f4e80000, 0x0000000100000000)
  eden space 232960K, 100% used [0x00000000e0000000,0x00000000ee380000,0x00000000ee380000)
  from space 30720K, 20% used [0x00000000ee380000,0x00000000ee9c4968,0x00000000f0180000)
  to   space 31232K, 0% used [0x00000000f3000000,0x00000000f3000000,0x00000000f4e80000)
 ParOldGen       total 141312K, used 74921K [0x00000000a0000000, 0x00000000a8a00000, 0x00000000e0000000)
  object space 141312K, 53% used [0x00000000a0000000,0x00000000a492a700,0x00000000a8a00000)
 Metaspace       used 88361K, capacity 92700K, committed 92800K, reserved 1130496K
  class space    used 11573K, capacity 12381K, committed 12416K, reserved 1048576K
Event: 5261.202 GC heap after
Heap after GC invocations=27 (full 3):
 PSYoungGen      total 305152K, used 8928K [0x00000000e0000000, 0x00000000f4b00000, 0x0000000100000000)
  eden space 277504K, 0% used [0x00000000e0000000,0x00000000e0000000,0x00000000f0f00000)
  from space 27648K, 32% used [0x00000000f3000000,0x00000000f38b80a0,0x00000000f4b00000)
  to   space 30720K, 0% used [0x00000000f0f00000,0x00000000f0f00000,0x00000000f2d00000)
 ParOldGen       total 141312K, used 75551K [0x00000000a0000000, 0x00000000a8a00000, 0x00000000e0000000)
  object space 141312K, 53% used [0x00000000a0000000,0x00000000a49c7db8,0x00000000a8a00000)
 Metaspace       used 88361K, capacity 92700K, committed 92800K, reserved 1130496K
  class space    used 11573K, capacity 12381K, committed 12416K, reserved 1048576K
}
Event: 5262.348 GC heap before
{Heap before GC invocations=28 (full 3):
 PSYoungGen      total 305152K, used 286432K [0x00000000e0000000, 0x00000000f4b00000, 0x0000000100000000)
  eden space 277504K, 100% used [0x00000000e0000000,0x00000000f0f00000,0x00000000f0f00000)
  from space 27648K, 32% used [0x00000000f3000000,0x00000000f38b80a0,0x00000000f4b00000)
  to   space 30720K, 0% used [0x00000000f0f00000,0x00000000f0f00000,0x00000000f2d00000)
 ParOldGen       total 141312K, used 75551K [0x00000000a0000000, 0x00000000a8a00000, 0x00000000e0000000)
  object space 141312K, 53% used [0x00000000a0000000,0x00000000a49c7db8,0x00000000a8a00000)
 Metaspace       used 88662K, capacity 93000K, committed 93056K, reserved 1130496K
  class space    used 11579K, capacity 12387K, committed 12416K, reserved 1048576K
Event: 5262.379 GC heap after
Heap after GC invocations=28 (full 3):
 PSYoungGen      total 308224K, used 30718K [0x00000000e0000000, 0x00000000f8100000, 0x0000000100000000)
  eden space 277504K, 0% used [0x00000000e0000000,0x00000000e0000000,0x00000000f0f00000)
  from space 30720K, 99% used [0x00000000f0f00000,0x00000000f2cff928,0x00000000f2d00000)
  to   space 38400K, 0% used [0x00000000f5b80000,0x00000000f5b80000,0x00000000f8100000)
 ParOldGen       total 141312K, used 84906K [0x00000000a0000000, 0x00000000a8a00000, 0x00000000e0000000)
  object space 141312K, 60% used [0x00000000a0000000,0x00000000a52ea828,0x00000000a8a00000)
 Metaspace       used 88662K, capacity 93000K, committed 93056K, reserved 1130496K
  class space    used 11579K, capacity 12387K, committed 12416K, reserved 1048576K
}

