# JRE version: OpenJDK Runtime Environment (8.0_202-b03) (build 1.8.0_202-release-1483-b03)
# Java VM: OpenJDK 64-Bit Server VM (25.202-b03 mixed mode windows-amd64 compressed oops)
Heap:
 PSYoungGen      total 258560K, used 50004K [0x00000000e0000000, 0x00000000f1e80000, 0x0000000100000000)
  eden space 230912K, 11% used [0x00000000e0000000,0x00000000e1ade9e8,0x00000000ee180000)
  from space 27648K, 81% used [0x00000000efe80000,0x00000000f1476980,0x00000000f1980000)
  to   space 29696K, 0% used [0x00000000ee180000,0x00000000ee180000,0x00000000efe80000)
 ParOldGen       total 147456K, used 30280K [0x00000000a0000000, 0x00000000a9000000, 0x00000000e0000000)
  object space 147456K, 20% used [0x00000000a0000000,0x00000000a1d92350,0x00000000a9000000)
 Metaspace       used 78906K, capacity 82122K, committed 82392K, reserved 1120256K
  class space    used 10264K, capacity 10920K, committed 10968K, reserved 1048576K
GC Heap History (10 events):
Event: 8.753 GC heap before
{Heap before GC invocations=13 (full 3):
 PSYoungGen      total 192512K, used 15780K [0x00000000e0000000, 0x00000000ee300000, 0x0000000100000000)
  eden space 171008K, 0% used [0x00000000e0000000,0x00000000e0000000,0x00000000ea700000)
  from space 21504K, 73% used [0x00000000ebd00000,0x00000000ecc69330,0x00000000ed200000)
  to   space 22528K, 0% used [0x00000000ea700000,0x00000000ea700000,0x00000000ebd00000)
 ParOldGen       total 107008K, used 27636K [0x00000000a0000000, 0x00000000a6880000, 0x00000000e0000000)
  object space 107008K, 25% used [0x00000000a0000000,0x00000000a1afd3a0,0x00000000a6880000)
 Metaspace       used 57102K, capacity 58972K, committed 59096K, reserved 1099776K
  class space    used 7663K, capacity 8089K, committed 8152K, reserved 1048576K
Event: 8.976 GC heap after
Heap after GC invocations=13 (full 3):
 PSYoungGen      total 192512K, used 0K [0x00000000e0000000, 0x00000000ee300000, 0x0000000100000000)
  eden space 171008K, 0% used [0x00000000e0000000,0x00000000e0000000,0x00000000ea700000)
  from space 21504K, 0% used [0x00000000ebd00000,0x00000000ebd00000,0x00000000ed200000)
  to   space 22528K, 0% used [0x00000000ea700000,0x00000000ea700000,0x00000000ebd00000)
 ParOldGen       total 147456K, used 30248K [0x00000000a0000000, 0x00000000a9000000, 0x00000000e0000000)
  object space 147456K, 20% used [0x00000000a0000000,0x00000000a1d8a350,0x00000000a9000000)
 Metaspace       used 57050K, capacity 58800K, committed 59096K, reserved 1099776K
  class space    used 7649K, capacity 8067K, committed 8152K, reserved 1048576K
}
Event: 11.363 GC heap before
{Heap before GC invocations=14 (full 3):
 PSYoungGen      total 192512K, used 171008K [0x00000000e0000000, 0x00000000ee300000, 0x0000000100000000)
  eden space 171008K, 100% used [0x00000000e0000000,0x00000000ea700000,0x00000000ea700000)
  from space 21504K, 0% used [0x00000000ebd00000,0x00000000ebd00000,0x00000000ed200000)
  to   space 22528K, 0% used [0x00000000ea700000,0x00000000ea700000,0x00000000ebd00000)
 ParOldGen       total 147456K, used 30248K [0x00000000a0000000, 0x00000000a9000000, 0x00000000e0000000)
  object space 147456K, 20% used [0x00000000a0000000,0x00000000a1d8a350,0x00000000a9000000)
 Metaspace       used 64690K, capacity 66984K, committed 67160K, reserved 1107968K
  class space    used 8761K, capacity 9273K, committed 9304K, reserved 1048576K
Event: 11.380 GC heap after
Heap after GC invocations=14 (full 3):
 PSYoungGen      total 193536K, used 14077K [0x00000000e0000000, 0x00000000ef700000, 0x0000000100000000)
  eden space 171008K, 0% used [0x00000000e0000000,0x00000000e0000000,0x00000000ea700000)
  from space 22528K, 62% used [0x00000000ea700000,0x00000000eb4bf780,0x00000000ebd00000)
  to   space 22528K, 0% used [0x00000000ee100000,0x00000000ee100000,0x00000000ef700000)
 ParOldGen       total 147456K, used 30256K [0x00000000a0000000, 0x00000000a9000000, 0x00000000e0000000)
  object space 147456K, 20% used [0x00000000a0000000,0x00000000a1d8c350,0x00000000a9000000)
 Metaspace       used 64690K, capacity 66984K, committed 67160K, reserved 1107968K
  class space    used 8761K, capacity 9273K, committed 9304K, reserved 1048576K
}
Event: 524.438 GC heap before
{Heap before GC invocations=15 (full 3):
 PSYoungGen      total 193536K, used 185084K [0x00000000e0000000, 0x00000000ef700000, 0x0000000100000000)
  eden space 171008K, 99% used [0x00000000e0000000,0x00000000ea6ffac0,0x00000000ea700000)
  from space 22528K, 62% used [0x00000000ea700000,0x00000000eb4bf780,0x00000000ebd00000)
  to   space 22528K, 0% used [0x00000000ee100000,0x00000000ee100000,0x00000000ef700000)
 ParOldGen       total 147456K, used 30256K [0x00000000a0000000, 0x00000000a9000000, 0x00000000e0000000)
  object space 147456K, 20% used [0x00000000a0000000,0x00000000a1d8c350,0x00000000a9000000)
 Metaspace       used 72489K, capacity 75518K, committed 75736K, reserved 1114112K
  class space    used 9533K, capacity 10150K, committed 10200K, reserved 1048576K
Event: 524.511 GC heap after
Heap after GC invocations=15 (full 3):
 PSYoungGen      total 224256K, used 22238K [0x00000000e0000000, 0x00000000ef700000, 0x0000000100000000)
  eden space 201728K, 0% used [0x00000000e0000000,0x00000000e0000000,0x00000000ec500000)
  from space 22528K, 98% used [0x00000000ee100000,0x00000000ef6b7840,0x00000000ef700000)
  to   space 25600K, 0% used [0x00000000ec500000,0x00000000ec500000,0x00000000ede00000)
 ParOldGen       total 147456K, used 30264K [0x00000000a0000000, 0x00000000a9000000, 0x00000000e0000000)
  object space 147456K, 20% used [0x00000000a0000000,0x00000000a1d8e350,0x00000000a9000000)
 Metaspace       used 72489K, capacity 75518K, committed 75736K, reserved 1114112K
  class space    used 9533K, capacity 10150K, committed 10200K, reserved 1048576K
}
Event: 528.362 GC heap before
{Heap before GC invocations=16 (full 3):
 PSYoungGen      total 224256K, used 223966K [0x00000000e0000000, 0x00000000ef700000, 0x0000000100000000)
  eden space 201728K, 100% used [0x00000000e0000000,0x00000000ec500000,0x00000000ec500000)
  from space 22528K, 98% used [0x00000000ee100000,0x00000000ef6b7840,0x00000000ef700000)
  to   space 25600K, 0% used [0x00000000ec500000,0x00000000ec500000,0x00000000ede00000)
 ParOldGen       total 147456K, used 30264K [0x00000000a0000000, 0x00000000a9000000, 0x00000000e0000000)
  object space 147456K, 20% used [0x00000000a0000000,0x00000000a1d8e350,0x00000000a9000000)
 Metaspace       used 74298K, capacity 77454K, committed 77656K, reserved 1116160K
  class space    used 9687K, capacity 10328K, committed 10328K, reserved 1048576K
Event: 528.380 GC heap after
Heap after GC invocations=16 (full 3):
 PSYoungGen      total 227328K, used 22127K [0x00000000e0000000, 0x00000000f1980000, 0x0000000100000000)
  eden space 201728K, 0% used [0x00000000e0000000,0x00000000e0000000,0x00000000ec500000)
  from space 25600K, 86% used [0x00000000ec500000,0x00000000eda9bdc8,0x00000000ede00000)
  to   space 27648K, 0% used [0x00000000efe80000,0x00000000efe80000,0x00000000f1980000)
 ParOldGen       total 147456K, used 30272K [0x00000000a0000000, 0x00000000a9000000, 0x00000000e0000000)
  object space 147456K, 20% used [0x00000000a0000000,0x00000000a1d90350,0x00000000a9000000)
 Metaspace       used 74298K, capacity 77454K, committed 77656K, reserved 1116160K
  class space    used 9687K, capacity 10328K, committed 10328K, reserved 1048576K
}
Event: 531.312 GC heap before
{Heap before GC invocations=17 (full 3):
 PSYoungGen      total 227328K, used 223855K [0x00000000e0000000, 0x00000000f1980000, 0x0000000100000000)
  eden space 201728K, 100% used [0x00000000e0000000,0x00000000ec500000,0x00000000ec500000)
  from space 25600K, 86% used [0x00000000ec500000,0x00000000eda9bdc8,0x00000000ede00000)
  to   space 27648K, 0% used [0x00000000efe80000,0x00000000efe80000,0x00000000f1980000)
 ParOldGen       total 147456K, used 30272K [0x00000000a0000000, 0x00000000a9000000, 0x00000000e0000000)
  object space 147456K, 20% used [0x00000000a0000000,0x00000000a1d90350,0x00000000a9000000)
 Metaspace       used 75017K, capacity 78134K, committed 78296K, reserved 1118208K
  class space    used 9756K, capacity 10400K, committed 10456K, reserved 1048576K
Event: 531.356 GC heap after
Heap after GC invocations=17 (full 3):
 PSYoungGen      total 258560K, used 22490K [0x00000000e0000000, 0x00000000f1e80000, 0x0000000100000000)
  eden space 230912K, 0% used [0x00000000e0000000,0x00000000e0000000,0x00000000ee180000)
  from space 27648K, 81% used [0x00000000efe80000,0x00000000f1476980,0x00000000f1980000)
  to   space 29696K, 0% used [0x00000000ee180000,0x00000000ee180000,0x00000000efe80000)
 ParOldGen       total 147456K, used 30280K [0x00000000a0000000, 0x00000000a9000000, 0x00000000e0000000)
  object space 147456K, 20% used [0x00000000a0000000,0x00000000a1d92350,0x00000000a9000000)
 Metaspace       used 75017K, capacity 78134K, committed 78296K, reserved 1118208K
  class space    used 9756K, capacity 10400K, committed 10456K, reserved 1048576K
}

