# JRE version: OpenJDK Runtime Environment (8.0_202-b03) (build 1.8.0_202-release-1483-b03)
# Java VM: OpenJDK 64-Bit Server VM (25.202-b03 mixed mode windows-amd64 compressed oops)
Heap:
 PSYoungGen      total 172032K, used 52135K [0x00000000e0000000, 0x00000000ee900000, 0x0000000100000000)
  eden space 158208K, 24% used [0x00000000e0000000,0x00000000e256a110,0x00000000e9a80000)
  from space 13824K, 99% used [0x00000000e9a80000,0x00000000ea7ffcd8,0x00000000ea800000)
  to   space 18432K, 0% used [0x00000000ed700000,0x00000000ed700000,0x00000000ee900000)
 ParOldGen       total 93696K, used 23051K [0x00000000a0000000, 0x00000000a5b80000, 0x00000000e0000000)
  object space 93696K, 24% used [0x00000000a0000000,0x00000000a1682ca0,0x00000000a5b80000)
 Metaspace       used 52553K, capacity 54024K, committed 54184K, reserved 1095680K
  class space    used 7133K, capacity 7513K, committed 7592K, reserved 1048576K
GC Heap History (10 events):
Event: 3.007 GC heap before
{Heap before GC invocations=7 (full 1):
 PSYoungGen      total 70656K, used 65536K [0x00000000e0000000, 0x00000000e9800000, 0x0000000100000000)
  eden space 65536K, 100% used [0x00000000e0000000,0x00000000e4000000,0x00000000e4000000)
  from space 5120K, 0% used [0x00000000e4000000,0x00000000e4000000,0x00000000e4500000)
  to   space 12288K, 0% used [0x00000000e8c00000,0x00000000e8c00000,0x00000000e9800000)
 ParOldGen       total 64512K, used 10944K [0x00000000a0000000, 0x00000000a3f00000, 0x00000000e0000000)
  object space 64512K, 16% used [0x00000000a0000000,0x00000000a0ab0318,0x00000000a3f00000)
 Metaspace       used 28954K, capacity 29538K, committed 29696K, reserved 1075200K
  class space    used 3909K, capacity 4096K, committed 4096K, reserved 1048576K
Event: 3.014 GC heap after
Heap after GC invocations=7 (full 1):
 PSYoungGen      total 110080K, used 8016K [0x00000000e0000000, 0x00000000e9400000, 0x0000000100000000)
  eden space 101888K, 0% used [0x00000000e0000000,0x00000000e0000000,0x00000000e6380000)
  from space 8192K, 97% used [0x00000000e8c00000,0x00000000e93d42c0,0x00000000e9400000)
  to   space 11776K, 0% used [0x00000000e7d00000,0x00000000e7d00000,0x00000000e8880000)
 ParOldGen       total 64512K, used 10952K [0x00000000a0000000, 0x00000000a3f00000, 0x00000000e0000000)
  object space 64512K, 16% used [0x00000000a0000000,0x00000000a0ab2318,0x00000000a3f00000)
 Metaspace       used 28954K, capacity 29538K, committed 29696K, reserved 1075200K
  class space    used 3909K, capacity 4096K, committed 4096K, reserved 1048576K
}
Event: 3.792 GC heap before
{Heap before GC invocations=8 (full 1):
 PSYoungGen      total 110080K, used 109904K [0x00000000e0000000, 0x00000000e9400000, 0x0000000100000000)
  eden space 101888K, 100% used [0x00000000e0000000,0x00000000e6380000,0x00000000e6380000)
  from space 8192K, 97% used [0x00000000e8c00000,0x00000000e93d42c0,0x00000000e9400000)
  to   space 11776K, 0% used [0x00000000e7d00000,0x00000000e7d00000,0x00000000e8880000)
 ParOldGen       total 64512K, used 10952K [0x00000000a0000000, 0x00000000a3f00000, 0x00000000e0000000)
  object space 64512K, 16% used [0x00000000a0000000,0x00000000a0ab2318,0x00000000a3f00000)
 Metaspace       used 33988K, capacity 34604K, committed 34944K, reserved 1079296K
  class space    used 4689K, capacity 4885K, committed 4992K, reserved 1048576K
Event: 3.805 GC heap after
Heap after GC invocations=8 (full 1):
 PSYoungGen      total 139776K, used 11760K [0x00000000e0000000, 0x00000000eb580000, 0x0000000100000000)
  eden space 128000K, 0% used [0x00000000e0000000,0x00000000e0000000,0x00000000e7d00000)
  from space 11776K, 99% used [0x00000000e7d00000,0x00000000e887c340,0x00000000e8880000)
  to   space 13824K, 0% used [0x00000000ea800000,0x00000000ea800000,0x00000000eb580000)
 ParOldGen       total 64512K, used 11255K [0x00000000a0000000, 0x00000000a3f00000, 0x00000000e0000000)
  object space 64512K, 17% used [0x00000000a0000000,0x00000000a0afdde8,0x00000000a3f00000)
 Metaspace       used 33988K, capacity 34604K, committed 34944K, reserved 1079296K
  class space    used 4689K, capacity 4885K, committed 4992K, reserved 1048576K
}
Event: 3.999 GC heap before
{Heap before GC invocations=9 (full 1):
 PSYoungGen      total 139776K, used 31229K [0x00000000e0000000, 0x00000000eb580000, 0x0000000100000000)
  eden space 128000K, 15% used [0x00000000e0000000,0x00000000e1303360,0x00000000e7d00000)
  from space 11776K, 99% used [0x00000000e7d00000,0x00000000e887c340,0x00000000e8880000)
  to   space 13824K, 0% used [0x00000000ea800000,0x00000000ea800000,0x00000000eb580000)
 ParOldGen       total 64512K, used 11255K [0x00000000a0000000, 0x00000000a3f00000, 0x00000000e0000000)
  object space 64512K, 17% used [0x00000000a0000000,0x00000000a0afdde8,0x00000000a3f00000)
 Metaspace       used 34685K, capacity 35404K, committed 35496K, reserved 1079296K
  class space    used 4786K, capacity 5003K, committed 5032K, reserved 1048576K
Event: 4.010 GC heap after
Heap after GC invocations=9 (full 1):
 PSYoungGen      total 172032K, used 9718K [0x00000000e0000000, 0x00000000eeb80000, 0x0000000100000000)
  eden space 158208K, 0% used [0x00000000e0000000,0x00000000e0000000,0x00000000e9a80000)
  from space 13824K, 70% used [0x00000000ea800000,0x00000000eb17d908,0x00000000eb580000)
  to   space 13824K, 0% used [0x00000000e9a80000,0x00000000e9a80000,0x00000000ea800000)
 ParOldGen       total 64512K, used 11263K [0x00000000a0000000, 0x00000000a3f00000, 0x00000000e0000000)
  object space 64512K, 17% used [0x00000000a0000000,0x00000000a0affde8,0x00000000a3f00000)
 Metaspace       used 34685K, capacity 35404K, committed 35496K, reserved 1079296K
  class space    used 4786K, capacity 5003K, committed 5032K, reserved 1048576K
}
Event: 4.010 GC heap before
{Heap before GC invocations=10 (full 2):
 PSYoungGen      total 172032K, used 9718K [0x00000000e0000000, 0x00000000eeb80000, 0x0000000100000000)
  eden space 158208K, 0% used [0x00000000e0000000,0x00000000e0000000,0x00000000e9a80000)
  from space 13824K, 70% used [0x00000000ea800000,0x00000000eb17d908,0x00000000eb580000)
  to   space 13824K, 0% used [0x00000000e9a80000,0x00000000e9a80000,0x00000000ea800000)
 ParOldGen       total 64512K, used 11263K [0x00000000a0000000, 0x00000000a3f00000, 0x00000000e0000000)
  object space 64512K, 17% used [0x00000000a0000000,0x00000000a0affde8,0x00000000a3f00000)
 Metaspace       used 34685K, capacity 35404K, committed 35496K, reserved 1079296K
  class space    used 4786K, capacity 5003K, committed 5032K, reserved 1048576K
Event: 4.074 GC heap after
Heap after GC invocations=10 (full 2):
 PSYoungGen      total 172032K, used 0K [0x00000000e0000000, 0x00000000eeb80000, 0x0000000100000000)
  eden space 158208K, 0% used [0x00000000e0000000,0x00000000e0000000,0x00000000e9a80000)
  from space 13824K, 0% used [0x00000000ea800000,0x00000000ea800000,0x00000000eb580000)
  to   space 13824K, 0% used [0x00000000e9a80000,0x00000000e9a80000,0x00000000ea800000)
 ParOldGen       total 93696K, used 16706K [0x00000000a0000000, 0x00000000a5b80000, 0x00000000e0000000)
  object space 93696K, 17% used [0x00000000a0000000,0x00000000a1050968,0x00000000a5b80000)
 Metaspace       used 34662K, capacity 35326K, committed 35496K, reserved 1079296K
  class space    used 4779K, capacity 4990K, committed 5032K, reserved 1048576K
}
Event: 5.877 GC heap before
{Heap before GC invocations=11 (full 2):
 PSYoungGen      total 172032K, used 158208K [0x00000000e0000000, 0x00000000eeb80000, 0x0000000100000000)
  eden space 158208K, 100% used [0x00000000e0000000,0x00000000e9a80000,0x00000000e9a80000)
  from space 13824K, 0% used [0x00000000ea800000,0x00000000ea800000,0x00000000eb580000)
  to   space 13824K, 0% used [0x00000000e9a80000,0x00000000e9a80000,0x00000000ea800000)
 ParOldGen       total 93696K, used 16706K [0x00000000a0000000, 0x00000000a5b80000, 0x00000000e0000000)
  object space 93696K, 17% used [0x00000000a0000000,0x00000000a1050968,0x00000000a5b80000)
 Metaspace       used 49599K, capacity 50842K, committed 51112K, reserved 1093632K
  class space    used 6692K, capacity 7036K, committed 7080K, reserved 1048576K
Event: 5.898 GC heap after
Heap after GC invocations=11 (full 2):
 PSYoungGen      total 172032K, used 13823K [0x00000000e0000000, 0x00000000ee900000, 0x0000000100000000)
  eden space 158208K, 0% used [0x00000000e0000000,0x00000000e0000000,0x00000000e9a80000)
  from space 13824K, 99% used [0x00000000e9a80000,0x00000000ea7ffcd8,0x00000000ea800000)
  to   space 18432K, 0% used [0x00000000ed700000,0x00000000ed700000,0x00000000ee900000)
 ParOldGen       total 93696K, used 23051K [0x00000000a0000000, 0x00000000a5b80000, 0x00000000e0000000)
  object space 93696K, 24% used [0x00000000a0000000,0x00000000a1682ca0,0x00000000a5b80000)
 Metaspace       used 49599K, capacity 50842K, committed 51112K, reserved 1093632K
  class space    used 6692K, capacity 7036K, committed 7080K, reserved 1048576K
}

